[ 2025-06-02 10:46:07,310 ] 1025 - httpx - INFO - HTTP Request: GET https://dagshub.com/api/v1/user "HTTP/1.1 200 OK"
[ 2025-06-02 10:46:07,330 ] 107 - dagshub - INFO - Accessing as saksham3232
[ 2025-06-02 10:46:09,599 ] 1025 - httpx - INFO - HTTP Request: GET https://dagshub.com/api/v1/repos/saksham3232/network-security "HTTP/1.1 200 OK"
[ 2025-06-02 10:46:11,181 ] 1025 - httpx - INFO - HTTP Request: GET https://dagshub.com/api/v1/user "HTTP/1.1 200 OK"
[ 2025-06-02 10:46:11,181 ] 107 - dagshub - INFO - Initialized MLflow to track repo "saksham3232/network-security"
[ 2025-06-02 10:46:11,181 ] 107 - dagshub - INFO - Repository saksham3232/network-security initialized!
[ 2025-06-02 10:46:11,197 ] 20 - root - INFO - Initiate the data ingestion
[ 2025-06-02 10:46:21,551 ] 74 - root - INFO - Performed train test split on the dataframe
[ 2025-06-02 10:46:21,551 ] 76 - root - INFO - Exited split_data_as_train_test method of DataIngestion class
[ 2025-06-02 10:46:21,553 ] 84 - root - INFO - Exporting train and test file path.
[ 2025-06-02 10:46:21,615 ] 96 - root - INFO - Exported train and test file path.
[ 2025-06-02 10:46:21,615 ] 23 - root - INFO - Data Ingestion completed successfully
[ 2025-06-02 10:46:21,663 ] 28 - root - INFO - Initiate the data validation
[ 2025-06-02 10:46:21,773 ] 36 - root - INFO - Required number of columns: 2
[ 2025-06-02 10:46:21,773 ] 37 - root - INFO - Dataframe has columns: 31
[ 2025-06-02 10:46:21,773 ] 36 - root - INFO - Required number of columns: 2
[ 2025-06-02 10:46:21,773 ] 37 - root - INFO - Dataframe has columns: 31
[ 2025-06-02 10:46:21,952 ] 31 - root - INFO - Data Validation completed successfully
[ 2025-06-02 10:46:21,952 ] 36 - root - INFO - Initiate the data transformation
[ 2025-06-02 10:46:21,952 ] 54 - root - INFO - Entered the initiate_data_transformation method of DataTransformation class
[ 2025-06-02 10:46:21,952 ] 56 - root - INFO - Starting data transformation
[ 2025-06-02 10:46:22,000 ] 44 - root - INFO - Entered the get_data_transformer_object method of DataTransformation class
[ 2025-06-02 10:46:22,000 ] 47 - root - INFO - Initialized KNNImputer with parameters: {'missing_values': nan, 'n_neighbors': 3, 'weights': 'uniform'}
[ 2025-06-02 10:46:22,031 ] 50 - root - INFO - Entered the save_object method of utils.py
[ 2025-06-02 10:46:22,034 ] 54 - root - INFO - Exited the save_object method of utils.py
[ 2025-06-02 10:46:22,034 ] 50 - root - INFO - Entered the save_object method of utils.py
[ 2025-06-02 10:46:22,040 ] 54 - root - INFO - Exited the save_object method of utils.py
[ 2025-06-02 10:46:22,040 ] 38 - root - INFO - Data Transformation completed successfully
[ 2025-06-02 10:46:22,040 ] 41 - root - INFO - Model Training Started
[ 2025-06-02 10:53:14,084 ] 50 - root - INFO - Entered the save_object method of utils.py
[ 2025-06-02 10:53:14,163 ] 54 - root - INFO - Exited the save_object method of utils.py
[ 2025-06-02 10:53:14,163 ] 50 - root - INFO - Entered the save_object method of utils.py
[ 2025-06-02 10:53:14,213 ] 54 - root - INFO - Exited the save_object method of utils.py
[ 2025-06-02 10:53:14,213 ] 130 - root - INFO - Model trainer artifact: ModelTrainerArtifact(trained_model_file_path='Artifacts\\2025-06-02-10-45-54\\model_trainer\\trained_model\\model.pkl', train_metric_artifact=ClassificationMetricArtifact(f1_score=0.9919461718829646, precision_score=0.9886201991465149, recall_score=0.9952945990180033), test_metric_artifact=ClassificationMetricArtifact(f1_score=0.9760502552021987, precision_score=0.9726134585289515, recall_score=0.9795114263199369))
[ 2025-06-02 10:53:14,219 ] 46 - root - INFO - Model Training Artifact created successfully
